0-5 1-27 2-3 3-27 4-5 5-8 6-6 7-5 8-27 9-8 10-5 11-5 12-27 13-22 14-8 15-8 16-27 17-5 18-8 19-5 20-27 21-8 22-5 23-1 24-5 25-5 26-8 27-5 28-27
0-0 1-1 2-0 3-3 4-0 5-0 6-1 7-0 8-0 9-1 10-4
0-24 1-1 2-2 3-3 4-2 5-2 6-10 7-24 8-24 9-2 10-13 11-12 12-24 13-15 14-2 15-13 16-24 17-16 18-24 19-2 20-19 21-13 22-1 23-13 24-24 25-13 26-24
0-17 1-17 2-17 3-17 4-17 5-0 6-1 7-17 8-17 9-1 10-1 11-1 12-17 13-2 14-1 15-1 16-17 17-9 18-1 19-17
0-0 1-4 2-0 3-4 4-1 5-24 6-1 7-24 8-0 9-0 10-1 11-1 12-24 13-0 14-1 15-11 16-11 17-24 18-24 19-24 20-1 21-24 22-1 23-24 24-1 25-20 26-1 27-22 28-1 29-24
0-0 1-11 2-11 3-1 4-1 5-11 6-1 7-9 8-11 9-1 10-8 11-1 12-1 13-3 14-1 15-1 16-11
0-0 1-1 2-1 3-21 4-21 5-21 6-1 7-0 8-21 9-1 10-21 11-21 12-0 13-2 14-21 15-21 16-0 17-0 18-1 19-0 20-1 21-1 22-21
0-0 1-3 2-15 3-2 4-5 5-2 6-3 7-2 8-2 9-2 10-15 11-2 12-15 13-2 14-15
0-10 1-1 2-20 3-1 4-10 5-4 6-1 7-20 8-7 9-1 10-9 11-10 12-1 13-20 14-1 15-20 16-10 17-1 18-16 19-20 20-10 21-20 22-20 23-10 24-1 25-10 26-10 27-17 28-20
0-1 1-3 2-1 3-3 4-1 5-3
0-25 1-6 2-7 3-6 4-9 5-21 6-22 7-22 8-21 9-21 10-22 11-6 12-14 13-6 14-20 15-21 16-5 17-6 18-25 19-6 20-22 21-22 22-23 23-25
0-19 1-0 2-19 3-2 4-0 5-9 6-9 7-3 8-9 9-9 10-3 11-19 12-14 13-9 14-19 15-3 16-9 17-3 18-3 19-14 20-3 21-19 22-9 23-3 24-19
0-2 1-3 2-2 3-3 4-3 5-0 6-2 7-8 8-3 9-13 10-8 11-3 12-13
0-19 1-4 2-3 3-4 4-19 5-0 6-19 7-19 8-4 9-4 10-19 11-4 12-19 13-19 14-7 15-19 16-19 17-0 18-4 19-19
0-0 1-3 2-3 3-12 4-12 5-3 6-12 7-12 8-12 9-3 10-12 11-3 12-12 13-9 14-3 15-12
0-2 1-2 2-13 3-13 4-2 5-13 6-2 7-13 8-2 9-2 10-13 11-7 12-12 13-13
0-11 1-11 2-3 3-3 4-9 5-11 6-3 7-3 8-11 9-3 10-1 11-9 12-10 13-11
0-11 1-3 2-5 3-3 4-8 5-3 6-11 7-11 8-11 9-3 10-13 11-11 12-3 13-3 14-11 15-11 16-4 17-11 18-5 19-3 20-2 21-3 22-17
0-18 1-18 2-7 3-5 4-18 5-11 6-5 7-5 8-18 9-5 10-18 11-15 12-2 13-17 14-17 15-18
0-0 1-0 2-1 3-3 4-0 5-5 6-16 7-5 8-7 9-5 10-5 11-5 12-16 13-5 14-16 15-5 16-16
0-5 1-2 2-5 3-2 4-5 5-2 6-3 7-5 8-2 9-5
0-1 1-16 2-10 3-0 4-10 5-0 6-0 7-16 8-16 9-0 10-0 11-10 12-4 13-0 14-16
0-0 1-4 2-24 3-7 4-11 5-24 6-4 7-4 8-14 9-24 10-4 11-24 12-4 13-17 14-14 15-6 16-24 17-16 18-23 19-19 20-4 21-24
0-0 1-7 2-7 3-7 4-7 5-7 6-6 7-7 8-7
0-0 1-6 2-18 3-6 4-18 5-6 6-18 7-0 8-6 9-16 10-6 11-18 12-0 13-6 14-18 15-11 16-18
0-22 1-10 2-2 3-22 4-2 5-22 6-22 7-6 8-6 9-22 10-6 11-22 12-8 13-6 14-22 15-6 16-6 17-6 18-22 19-5 20-22
0-18 1-2 2-19 3-2 4-3 5-2 6-18 7-2 8-7 9-19 10-9 11-19 12-2 13-2 14-5 15-2 16-19 17-2 18-2 19-19 20-2 21-19
0-0 1-22 2-22 3-3 4-22 5-7 6-22 7-7 8-22 9-22 10-3 11-3 12-22 13-22 14-3 15-22 16-3 17-2 18-3 19-3 20-22
0-0 1-1 2-15 3-1 4-2 5-15 6-5 7-2 8-15 9-2 10-15 11-10 12-2 13-15 14-2 15-15 16-2 17-15 18-15 19-2 20-15
0-20 1-23 2-23 3-0 4-4 5-23 6-23 7-23 8-21 9-4 10-21 11-4 12-4 13-4 14-21 15-9 16-4 17-21 18-12 19-23 20-4 21-4 22-21 23-23 24-4 25-15 26-21 27-23 28-16 29-23
0-5 1-4 2-5 3-5 4-4 5-5
0-9 1-0 2-9 3-9 4-0 5-9 6-3 7-9 8-11 9-0 10-0 11-25 12-9 13-0 14-0 15-0 16-9 17-25 18-0 19-25 20-8 21-25 22-18 23-25 24-25 25-25 26-0 27-0 28-25
0-11 1-1 2-2 3-11 4-1 5-11 6-11 7-1 8-1 9-11 10-5 11-1 12-1 13-11
0-17 1-3 2-11 3-6 4-11 5-3 6-3 7-17 8-11 9-3 10-11 11-17 12-17 13-11 14-3 15-11 16-3 17-3 18-17
0-4 1-8 2-4 3-18 4-18 5-18 6-0 7-18 8-0 9-18 10-18 11-8 12-2 13-18 14-18 15-8 16-8 17-9 18-11 19-0 20-0 21-11 22-18 23-0 24-0 25-0 26-18
0-19 1-8 2-8 3-6 4-8 5-3 6-9 7-8 8-3 9-8 10-3 11-8 12-8 13-3 14-9 15-16 16-3 17-8 18-3 19-3 20-5 21-8 22-22
0-1 1-26 2-3 3-1 4-3 5-26 6-1 7-1 8-1 9-26 10-20 11-1 12-3 13-1 14-16 15-3 16-1 17-1 18-26 19-3 20-26 21-1 22-26 23-3 24-1 25-26
0-0 1-0 2-0 3-0 4-4
0-1 1-0 2-0 3-2 4-2
0-4 1-1 2-2 3-4 4-4
0-0 1-1 2-1 3-2
0-0 1-1 2-0 3-2 4-4
0-0 1-0 2-0
0-0 1-1 2-0 3-5 4-1 5-5 6-3
0-0 1-1 2-1 3-1
0-0 1-1 2-0 3-5 4-1 5-5 6-3
0-0 1-0 2-0 3-0
0-0 1-1 2-0 3-5 4-1 5-5 6-3
0-0 1-1 2-1 3-2
0-0 1-0 2-0 3-0
0-0 1-1 2-1 3-1
0-0 1-0 2-0 3-0
0-0 1-1 2-0 3-5 4-1 5-5 6-3
0-0 1-1 2-1 3-1
0-0 1-0 2-0 3-0
0-0 1-1 2-0 3-5 4-1 5-5 6-3
0-1 1-0 2-1 3-1
0-0 1-1 2-1 3-2
0-0 1-1 2-1 3-0
0-0 1-0 2-0 3-0 4-4
0-0 1-0 2-0
0-1 1-0 2-0 3-2 4-2
0-4 1-1 2-2 3-4 4-4
0-35 1-2 2-52 3-1 4-2 5-11 6-5 7-1 8-17 9-52 10-1 11-1 12-7 13-8 14-0 15-1 16-1 17-1 18-40 19-52 20-1 21-52 22-1 23-11 24-5 25-1 26-17 27-1 28-52 29-52 30-1 31-1 32-52 33-5 34-1 35-0 36-0 37-8 38-0 39-52 40-8 41-0 42-38 43-38 44-40 45-40 46-17 47-52 48-52 49-1 50-52 51-0 52-52 53-1 54-0 55-51 56-1 57-52
0-1 1-0 2-0 3-2 4-2 5-1
0-2 1-6 2-24 3-2 4-8 5-2 6-25 7-25 8-24 9-9 10-10 11-2 12-12 13-12 14-2 15-15 16-15 17-2 18-2 19-12 20-2 21-2 22-10 23-2 24-2 25-10 26-24 27-25 28-2 29-27 30-1 31-8 32-33
0-0 1-68 2-0 3-0 4-68 5-5 6-7 7-6 8-8 9-68 10-38 11-61 12-7 13-68 14-0 15-7 16-7 17-0 18-0 19-7 20-7 21-24 22-24 23-0 24-68 25-7 26-2 27-27 28-0 29-0 30-68 31-68 32-0 33-7 34-27 35-7 36-7 37-24 38-24 39-68 40-7 41-0 42-68 43-6 44-27 45-7 46-7 47-47 48-7 49-62 50-62 51-64 52-64 53-68 54-68 55-0 56-68 57-7 58-0 59-6 60-0 61-0 62-7 63-6 64-57 65-68 66-0 67-57 68-68
0-5 1-1 2-1 3-5 4-8 5-1 6-1 7-1 8-5 9-1 10-1 11-14
0-5 1-2 2-1 3-3 4-2 5-2 6-5 7-6
0-24 1-2 2-2 3-3 4-2 5-2 6-6 7-6 8-2 9-10 10-10 11-2 12-13 13-13 14-32 15-18 16-6 17-20 18-2 19-3 20-3 21-3 22-2 23-1 24-32 25-4 26-6 27-2 28-2 29-6 30-31 31-32
0-0 1-11 2-3 3-3 4-4 5-5 6-11 7-3 8-2 9-9 10-3 11-3 12-11 13-12
0-75 1-4 2-43 3-12 4-75 5-4 6-75 7-10 8-10 9-12 10-13 11-13 12-12 13-12 14-10 15-75 16-4 17-18 18-75 19-4 20-12 21-45 22-4 23-75 24-18 25-75 26-15 27-38 28-12 29-75 30-40 31-75 32-4 33-4 34-34 35-35 36-35 37-75 38-15 39-75 40-75 41-75 42-4 43-5 44-12 45-75 46-4 47-75 48-4 49-12 50-30 51-75 52-3 53-75 54-75 55-75 56-4 57-4 58-12 59-4 60-4 61-55 62-55 63-75 64-75 65-4 66-59 67-4 68-75
0-0 1-9 2-9 3-3 4-4 5-9 6-1 7-2 8-1 9-9 10-7 11-9
0-0 1-1 2-0 3-2 4-4 5-5
0-30 1-31 2-13 3-3 4-3 5-13 6-13 7-5 8-31 9-6 10-3 11-9 12-31 13-11 14-13 15-16 16-3 17-13 18-3 19-31 20-31 21-3 22-3 23-3 24-31 25-13 26-22 27-1 28-13 29-3 30-31 31-13 32-9 33-13 34-29 35-30 36-31
0-0 1-0 2-0
0-0 1-1 2-0 3-5 4-1 5-5 6-3 7-7
0-2 1-2 2-12 3-12 4-2 5-2 6-3 7-12 8-2 9-12 10-2 11-2 12-10 13-11 14-12
0-41 1-18 2-21 3-3 4-21 5-5 6-41 7-6 8-5 9-5 10-4 11-9 12-5 13-5 14-41 15-16 16-41 17-41 18-41 19-5 20-41 21-41 22-5 23-40 24-5 25-5 26-41 27-1 28-32 29-41 30-5 31-5 32-28 33-5 34-40 35-41
0-0 1-1 2-1 3-13 4-3 5-0 6-13 7-10 8-7 9-7 10-13 11-7 12-5 13-13 14-7 15-0 16-0 17-7 18-0 19-0 20-7 21-0 22-0 23-13
0-5 1-1 2-14 3-2 4-4 5-7 6-7 7-0 8-4 9-11 10-4 11-0 12-4 13-16 14-17 15-31 16-17 17-31 18-31 19-4 20-0 21-31 22-4 23-4 24-31 25-4 26-0 27-0 28-4 29-30 30-0 31-0 32-13 33-31
0-42 1-1 2-1 3-2 4-1 5-2 6-42 7-6 8-2 9-2 10-42 11-42 12-42 13-42 14-1 15-2 16-2 17-16 18-42 19-17 20-27 21-27 22-42 23-4 24-22 25-2 26-42 27-1 28-42 29-42 30-16 31-2 32-1 33-42 34-38 35-2 36-42 37-6 38-7 39-42 40-1 41-6 42-1 43-36 44-7 45-42 46-38 47-42 48-22 49-42
0-2 1-1 2-0 3-15 4-4 5-1 6-15 7-2 8-3 9-15 10-3 11-7 12-3 13-0 14-0 15-3 16-0 17-10 18-11 19-15
0-0 1-4 2-2 3-12 4-4 5-2 6-6 7-0 8-4 9-2 10-12 11-9 12-2 13-12
0-1 1-1 2-2 3-3 4-4 5-24 6-3 7-24 8-14 9-4 10-4 11-24 12-13 13-1 14-4 15-1 16-4 17-1 18-0 19-24
0-0 1-1 2-18 3-3 4-18 5-29 6-3 7-29 8-9 9-6 10-29 11-29 12-13 13-14 14-29 15-29 16-6 17-6 18-12 19-6 20-19 21-12 22-6 23-12 24-23 25-6 26-29 27-6 28-6 29-12 30-12 31-27 32-12 33-5 34-29
0-36 1-8 2-36 3-36 4-3 5-8 6-5 7-28 8-36 9-8 10-10 11-8 12-36 13-8 14-12 15-8 16-36 17-26 18-8 19-36 20-8 21-36 22-8 23-36 24-8 25-12 26-36 27-8 28-10 29-10 30-28 31-8 32-36 33-8 34-10 35-8 36-8 37-36 38-8 39-36
0-0 1-1 2-3 3-7 4-8 5-10 6-5 7-6 8-10
0-8 1-8 2-3 3-11 4-11 5-3 6-8 7-11 8-1 9-8 10-1 11-11 12-7 13-11
0-8 1-0 2-3 3-4 4-1 5-0 6-0 7-6 8-8
0-6 1-6 2-1 3-4 4-0 5-1 6-0 7-4 8-6
0-0 1-5 2-1 3-2 4-7 5-1 6-9 7-1 8-5 9-9 10-7 11-2 12-9 13-2 14-5 15-5 16-12 17-5 18-0
0-0 1-1 2-0 3-5 4-1 5-5 6-3 7-7
0-21 1-5 2-12 3-21 4-21 5-8 6-5 7-10 8-12 9-3 10-21 11-13 12-2 13-20 14-20 15-21
0-0 1-25 2-1 3-4 4-1 5-25 6-5 7-8 8-25 9-9 10-10 11-9 12-8 13-25 14-9 15-8 16-9 17-9 18-19 19-25 20-4 21-25 22-5 23-8 24-8 25-8 26-24 27-9 28-11 29-25
0-0 1-1 2-1 3-2
0-0 1-1 2-0 3-5 4-1 5-5 6-3 7-7
0-37 1-3 2-0 3-11 4-4 5-42 6-1 7-0 8-42 9-42 10-13 11-42 12-42 13-3 14-42 15-20 16-0 17-3 18-0 19-42 20-20 21-3 22-8 23-42 24-42 25-42 26-0 27-0 28-11 29-0 30-0 31-42 32-13 33-42 34-11 35-32 36-42 37-0 38-0 39-0 40-42
0-7 1-1 2-0 3-3 4-3 5-10 6-0 7-6 8-0 9-0 10-6 11-10
0-0 1-3 2-2 3-1 4-7 5-7 6-1 7-9 8-8 9-9 10-1 11-0
